<?xml version="1.0" encoding="UTF-8"?>
<testng-results skipped="0" failed="0" ignored="0" total="1" passed="1">
  <reporter-output>
  </reporter-output>
  <suite name="Default suite" duration-ms="2243" started-at="2019-12-16T11:29:11 IST" finished-at="2019-12-16T11:29:13 IST">
    <groups>
    </groups>
    <test name="Default test" duration-ms="2243" started-at="2019-12-16T11:29:11 IST" finished-at="2019-12-16T11:29:13 IST">
      <class name="Inn.SerializationAndDeserialization.Sample">
        <test-method status="PASS" signature="main()[pri:0, instance:Inn.SerializationAndDeserialization.Sample@67205a84]" name="main" duration-ms="2214" started-at="2019-12-16T11:29:11 IST" finished-at="2019-12-16T11:29:13 IST">
          <reporter-output>
          </reporter-output>
        </test-method> <!-- main -->
      </class> <!-- Inn.SerializationAndDeserialization.Sample -->
    </test> <!-- Default test -->
  </suite> <!-- Default suite -->
</testng-results>
